<?xml version="1.0" encoding="UTF-8"?>
<testng-results skipped="0" failed="1" ignored="0" total="4" passed="3">
  <reporter-output>
  </reporter-output>
  <suite name="Default suite" duration-ms="27658" started-at="2020-05-20T02:35:35Z" finished-at="2020-05-20T02:36:03Z">
    <groups>
    </groups>
    <test name="Default test" duration-ms="27658" started-at="2020-05-20T02:35:35Z" finished-at="2020-05-20T02:36:03Z">
      <class name="TestCases.VerifyLoginFunction">
        <test-method status="PASS" signature="inititaeDriverInstance()[pri:0, instance:TestCases.VerifyLoginFunction@14ec4505]" name="inititaeDriverInstance" is-config="true" duration-ms="5708" started-at="2020-05-20T02:35:36Z" finished-at="2020-05-20T02:35:42Z">
          <reporter-output>
          </reporter-output>
        </test-method> <!-- inititaeDriverInstance -->
        <test-method status="FAIL" signature="validateLogin(java.lang.String, java.lang.String)[pri:0, instance:TestCases.VerifyLoginFunction@14ec4505]" name="validateLogin" duration-ms="384" started-at="2020-05-20T02:35:42Z" data-provider="Excel" finished-at="2020-05-20T02:35:42Z">
          <params>
            <param index="0">
              <value>
                <![CDATA[username1]]>
              </value>
            </param>
            <param index="1">
              <value>
                <![CDATA[Password1]]>
              </value>
            </param>
          </params>
          <exception class="org.openqa.selenium.NoSuchElementException">
            <message>
              <![CDATA[no such element: Unable to locate element: {"method":"xpath","selector":"//input[@value='Log In']"}
  (Session info: chrome=83.0.4103.61)
For documentation on this error, please visit: https://www.seleniumhq.org/exceptions/no_such_element.html
Build info: version: '3.141.59', revision: 'e82be7d358', time: '2018-11-14T08:17:03'
System info: host: 'LT-9JNYL32', ip: '192.168.1.215', os.name: 'Windows 10', os.arch: 'amd64', os.version: '10.0', java.version: '1.8.0_131'
Driver info: org.openqa.selenium.chrome.ChromeDriver
Capabilities {acceptInsecureCerts: false, browserName: chrome, browserVersion: 83.0.4103.61, chrome: {chromedriverVersion: 83.0.4103.39 (ccbf011cb2d2b..., userDataDir: C:\Users\DVEDAN~1\AppData\L...}, goog:chromeOptions: {debuggerAddress: localhost:53412}, javascriptEnabled: true, networkConnectionEnabled: false, pageLoadStrategy: normal, platform: WINDOWS, platformName: WINDOWS, proxy: Proxy(), setWindowRect: true, strictFileInteractability: false, timeouts: {implicit: 0, pageLoad: 300000, script: 30000}, unhandledPromptBehavior: dismiss and notify, webauthn:virtualAuthenticators: true}
Session ID: 633a50318c67b834a6d3688971cb71df
*** Element info: {Using=xpath, value=//input[@value='Log In']}]]>
            </message>
            <full-stacktrace>
              <![CDATA[org.openqa.selenium.NoSuchElementException: no such element: Unable to locate element: {"method":"xpath","selector":"//input[@value='Log In']"}
  (Session info: chrome=83.0.4103.61)
For documentation on this error, please visit: https://www.seleniumhq.org/exceptions/no_such_element.html
Build info: version: '3.141.59', revision: 'e82be7d358', time: '2018-11-14T08:17:03'
System info: host: 'LT-9JNYL32', ip: '192.168.1.215', os.name: 'Windows 10', os.arch: 'amd64', os.version: '10.0', java.version: '1.8.0_131'
Driver info: org.openqa.selenium.chrome.ChromeDriver
Capabilities {acceptInsecureCerts: false, browserName: chrome, browserVersion: 83.0.4103.61, chrome: {chromedriverVersion: 83.0.4103.39 (ccbf011cb2d2b..., userDataDir: C:\Users\DVEDAN~1\AppData\L...}, goog:chromeOptions: {debuggerAddress: localhost:53412}, javascriptEnabled: true, networkConnectionEnabled: false, pageLoadStrategy: normal, platform: WINDOWS, platformName: WINDOWS, proxy: Proxy(), setWindowRect: true, strictFileInteractability: false, timeouts: {implicit: 0, pageLoad: 300000, script: 30000}, unhandledPromptBehavior: dismiss and notify, webauthn:virtualAuthenticators: true}
Session ID: 633a50318c67b834a6d3688971cb71df
*** Element info: {Using=xpath, value=//input[@value='Log In']}
at sun.reflect.NativeConstructorAccessorImpl.newInstance0(Native Method)
at sun.reflect.NativeConstructorAccessorImpl.newInstance(Unknown Source)
at sun.reflect.DelegatingConstructorAccessorImpl.newInstance(Unknown Source)
at java.lang.reflect.Constructor.newInstance(Unknown Source)
at org.openqa.selenium.remote.http.W3CHttpResponseCodec.createException(W3CHttpResponseCodec.java:187)
at org.openqa.selenium.remote.http.W3CHttpResponseCodec.decode(W3CHttpResponseCodec.java:122)
at org.openqa.selenium.remote.http.W3CHttpResponseCodec.decode(W3CHttpResponseCodec.java:49)
at org.openqa.selenium.remote.HttpCommandExecutor.execute(HttpCommandExecutor.java:158)
at org.openqa.selenium.remote.service.DriverCommandExecutor.execute(DriverCommandExecutor.java:83)
at org.openqa.selenium.remote.RemoteWebDriver.execute(RemoteWebDriver.java:552)
at org.openqa.selenium.remote.RemoteWebDriver.findElement(RemoteWebDriver.java:323)
at org.openqa.selenium.remote.RemoteWebDriver.findElementByXPath(RemoteWebDriver.java:428)
at org.openqa.selenium.By$ByXPath.findElement(By.java:353)
at org.openqa.selenium.remote.RemoteWebDriver.findElement(RemoteWebDriver.java:315)
at PageDesigns.LoginPage.clickLoginButton(LoginPage.java:27)
at TestCases.VerifyLoginFunction.validateLogin(VerifyLoginFunction.java:26)
at sun.reflect.NativeMethodAccessorImpl.invoke0(Native Method)
at sun.reflect.NativeMethodAccessorImpl.invoke(Unknown Source)
at sun.reflect.DelegatingMethodAccessorImpl.invoke(Unknown Source)
at java.lang.reflect.Method.invoke(Unknown Source)
at org.testng.internal.MethodInvocationHelper.invokeMethod(MethodInvocationHelper.java:124)
at org.testng.internal.Invoker.invokeMethod(Invoker.java:583)
at org.testng.internal.Invoker.invokeTestMethod(Invoker.java:719)
at org.testng.internal.Invoker.invokeTestMethods(Invoker.java:989)
at org.testng.internal.TestMethodWorker.invokeTestMethods(TestMethodWorker.java:125)
at org.testng.internal.TestMethodWorker.run(TestMethodWorker.java:109)
at org.testng.TestRunner.privateRun(TestRunner.java:648)
at org.testng.TestRunner.run(TestRunner.java:505)
at org.testng.SuiteRunner.runTest(SuiteRunner.java:455)
at org.testng.SuiteRunner.runSequentially(SuiteRunner.java:450)
at org.testng.SuiteRunner.privateRun(SuiteRunner.java:415)
at org.testng.SuiteRunner.run(SuiteRunner.java:364)
at org.testng.SuiteRunnerWorker.runSuite(SuiteRunnerWorker.java:52)
at org.testng.SuiteRunnerWorker.run(SuiteRunnerWorker.java:84)
at org.testng.TestNG.runSuitesSequentially(TestNG.java:1208)
at org.testng.TestNG.runSuitesLocally(TestNG.java:1137)
at org.testng.TestNG.runSuites(TestNG.java:1049)
at org.testng.TestNG.run(TestNG.java:1017)
at org.testng.remote.AbstractRemoteTestNG.run(AbstractRemoteTestNG.java:115)
at org.testng.remote.RemoteTestNG.initAndRun(RemoteTestNG.java:251)
at org.testng.remote.RemoteTestNG.main(RemoteTestNG.java:77)
]]>
            </full-stacktrace>
          </exception> <!-- org.openqa.selenium.NoSuchElementException -->
          <reporter-output>
          </reporter-output>
        </test-method> <!-- validateLogin -->
        <test-method status="PASS" signature="closeDriverInstance()[pri:0, instance:TestCases.VerifyLoginFunction@14ec4505]" name="closeDriverInstance" is-config="true" duration-ms="1591" started-at="2020-05-20T02:35:42Z" finished-at="2020-05-20T02:35:44Z">
          <reporter-output>
          </reporter-output>
        </test-method> <!-- closeDriverInstance -->
        <test-method status="PASS" signature="inititaeDriverInstance()[pri:0, instance:TestCases.VerifyLoginFunction@14ec4505]" name="inititaeDriverInstance" is-config="true" duration-ms="4804" started-at="2020-05-20T02:35:44Z" finished-at="2020-05-20T02:35:48Z">
          <reporter-output>
          </reporter-output>
        </test-method> <!-- inititaeDriverInstance -->
        <test-method status="PASS" signature="validateLogin(java.lang.String, java.lang.String)[pri:0, instance:TestCases.VerifyLoginFunction@14ec4505]" name="validateLogin" duration-ms="569" started-at="2020-05-20T02:35:48Z" data-provider="Excel" finished-at="2020-05-20T02:35:49Z">
          <params>
            <param index="0">
              <value>
                <![CDATA[username2]]>
              </value>
            </param>
            <param index="1">
              <value>
                <![CDATA[Password2]]>
              </value>
            </param>
          </params>
          <reporter-output>
          </reporter-output>
        </test-method> <!-- validateLogin -->
        <test-method status="PASS" signature="closeDriverInstance()[pri:0, instance:TestCases.VerifyLoginFunction@14ec4505]" name="closeDriverInstance" is-config="true" duration-ms="1016" started-at="2020-05-20T02:35:49Z" finished-at="2020-05-20T02:35:50Z">
          <reporter-output>
          </reporter-output>
        </test-method> <!-- closeDriverInstance -->
        <test-method status="PASS" signature="inititaeDriverInstance()[pri:0, instance:TestCases.VerifyLoginFunction@14ec4505]" name="inititaeDriverInstance" is-config="true" duration-ms="4728" started-at="2020-05-20T02:35:50Z" finished-at="2020-05-20T02:35:55Z">
          <reporter-output>
          </reporter-output>
        </test-method> <!-- inititaeDriverInstance -->
        <test-method status="PASS" signature="validateLogin(java.lang.String, java.lang.String)[pri:0, instance:TestCases.VerifyLoginFunction@14ec4505]" name="validateLogin" duration-ms="566" started-at="2020-05-20T02:35:55Z" data-provider="Excel" finished-at="2020-05-20T02:35:55Z">
          <params>
            <param index="0">
              <value>
                <![CDATA[username3]]>
              </value>
            </param>
            <param index="1">
              <value>
                <![CDATA[Password3]]>
              </value>
            </param>
          </params>
          <reporter-output>
          </reporter-output>
        </test-method> <!-- validateLogin -->
        <test-method status="PASS" signature="closeDriverInstance()[pri:0, instance:TestCases.VerifyLoginFunction@14ec4505]" name="closeDriverInstance" is-config="true" duration-ms="1004" started-at="2020-05-20T02:35:55Z" finished-at="2020-05-20T02:35:56Z">
          <reporter-output>
          </reporter-output>
        </test-method> <!-- closeDriverInstance -->
        <test-method status="PASS" signature="inititaeDriverInstance()[pri:0, instance:TestCases.VerifyLoginFunction@14ec4505]" name="inititaeDriverInstance" is-config="true" duration-ms="4881" started-at="2020-05-20T02:35:56Z" finished-at="2020-05-20T02:36:01Z">
          <reporter-output>
          </reporter-output>
        </test-method> <!-- inititaeDriverInstance -->
        <test-method status="PASS" signature="validateLogin(java.lang.String, java.lang.String)[pri:0, instance:TestCases.VerifyLoginFunction@14ec4505]" name="validateLogin" duration-ms="608" started-at="2020-05-20T02:36:01Z" data-provider="Excel" finished-at="2020-05-20T02:36:02Z">
          <params>
            <param index="0">
              <value>
                <![CDATA[username4]]>
              </value>
            </param>
            <param index="1">
              <value>
                <![CDATA[Password4]]>
              </value>
            </param>
          </params>
          <reporter-output>
          </reporter-output>
        </test-method> <!-- validateLogin -->
        <test-method status="PASS" signature="closeDriverInstance()[pri:0, instance:TestCases.VerifyLoginFunction@14ec4505]" name="closeDriverInstance" is-config="true" duration-ms="1010" started-at="2020-05-20T02:36:02Z" finished-at="2020-05-20T02:36:03Z">
          <reporter-output>
          </reporter-output>
        </test-method> <!-- closeDriverInstance -->
      </class> <!-- TestCases.VerifyLoginFunction -->
    </test> <!-- Default test -->
  </suite> <!-- Default suite -->
</testng-results>
